D, [2021-03-10T10:54:29.797520 #7959] DEBUG -- :   Client Load (0.5ms)  SELECT `clients`.* FROM `clients` WHERE `clients`.`firstname` = 'John' LIMIT 1
D, [2021-03-10T10:54:29.813609 #7959] DEBUG -- :   Client Load (2.4ms)  SELECT `clients`.* FROM `clients` WHERE `clients`.`firstname` = 'John' LIMIT 1
D, [2021-03-10T10:54:29.831003 #7959] DEBUG -- :   Product Load (0.1ms)  SELECT `products`.* FROM `products` INNER JOIN `order_items` ON `products`.`id` = `order_items`.`product_id` INNER JOIN `orders` ON `order_items`.`order_id` = `orders`.`id` WHERE `orders`.`client_id` = 8 AND (price < 0.2)
D, [2021-03-10T15:55:59.409943 #35975] DEBUG -- :   Client Load (0.2ms)  SELECT `clients`.* FROM `clients` WHERE `clients`.`firstname` = 'John' LIMIT 1
D, [2021-03-10T15:55:59.415859 #35975] DEBUG -- :   Client Load (0.3ms)  SELECT `clients`.* FROM `clients` WHERE `clients`.`firstname` = 'John' LIMIT 1
D, [2021-03-10T15:55:59.432784 #35975] DEBUG -- :   Product Load (0.2ms)  SELECT `products`.* FROM `products` INNER JOIN `order_items` ON `products`.`id` = `order_items`.`product_id` INNER JOIN `orders` ON `order_items`.`order_id` = `orders`.`id` WHERE `orders`.`client_id` = 8 AND (price < 0.2)
D, [2021-03-10T15:55:59.437853 #35975] DEBUG -- :   Client Load (0.2ms)  SELECT `clients`.* FROM `clients` WHERE `clients`.`firstname` = 'John' LIMIT 1
D, [2021-03-10T15:55:59.441784 #35975] DEBUG -- :   OrderItem Load (0.2ms)  SELECT `order_items`.* FROM `order_items` INNER JOIN `orders` ON `order_items`.`order_id` = `orders`.`id` WHERE `orders`.`client_id` = 8 AND (quantity > 100)
D, [2021-03-10T15:55:59.451673 #35975] DEBUG -- :   Product Load (0.2ms)  SELECT `products`.* FROM `products` WHERE `products`.`id` = 18 LIMIT 1
D, [2021-03-10T15:57:15.565397 #36145] DEBUG -- :   Client Load (0.1ms)  SELECT `clients`.* FROM `clients` WHERE `clients`.`firstname` = 'John' LIMIT 1
D, [2021-03-10T15:57:15.567471 #36145] DEBUG -- :   Client Load (0.2ms)  SELECT `clients`.* FROM `clients` WHERE `clients`.`firstname` = 'John' LIMIT 1
D, [2021-03-10T15:57:15.592458 #36145] DEBUG -- :   Product Load (0.1ms)  SELECT `products`.* FROM `products` INNER JOIN `order_items` ON `products`.`id` = `order_items`.`product_id` INNER JOIN `orders` ON `order_items`.`order_id` = `orders`.`id` WHERE `orders`.`client_id` = 8 AND (price < 0.2)
D, [2021-03-10T15:57:15.596758 #36145] DEBUG -- :   Client Load (0.1ms)  SELECT `clients`.* FROM `clients` WHERE `clients`.`firstname` = 'John' LIMIT 1
D, [2021-03-10T15:57:15.599936 #36145] DEBUG -- :   OrderItem Load (0.1ms)  SELECT `order_items`.* FROM `order_items` INNER JOIN `orders` ON `order_items`.`order_id` = `orders`.`id` WHERE `orders`.`client_id` = 8 AND (quantity > 100)
D, [2021-03-10T15:57:15.606564 #36145] DEBUG -- :   Product Load (0.2ms)  SELECT `products`.* FROM `products` WHERE `products`.`id` = 18 LIMIT 1
D, [2021-03-10T15:57:23.390668 #36166] DEBUG -- :   Client Load (0.2ms)  SELECT `clients`.* FROM `clients` WHERE `clients`.`firstname` = 'John' LIMIT 1
D, [2021-03-10T15:57:23.395644 #36166] DEBUG -- :   Client Load (0.7ms)  SELECT `clients`.* FROM `clients` WHERE `clients`.`firstname` = 'John' LIMIT 1
D, [2021-03-10T15:57:23.422743 #36166] DEBUG -- :   Product Load (0.1ms)  SELECT `products`.* FROM `products` INNER JOIN `order_items` ON `products`.`id` = `order_items`.`product_id` INNER JOIN `orders` ON `order_items`.`order_id` = `orders`.`id` WHERE `orders`.`client_id` = 8 AND (price < 0.2)
D, [2021-03-10T15:57:23.428013 #36166] DEBUG -- :   Client Load (0.1ms)  SELECT `clients`.* FROM `clients` WHERE `clients`.`firstname` = 'John' LIMIT 1
D, [2021-03-10T15:57:23.431229 #36166] DEBUG -- :   OrderItem Load (0.1ms)  SELECT `order_items`.* FROM `order_items` INNER JOIN `orders` ON `order_items`.`order_id` = `orders`.`id` WHERE `orders`.`client_id` = 8 AND (quantity > 100)
D, [2021-03-10T15:57:23.439361 #36166] DEBUG -- :   Product Load (0.2ms)  SELECT `products`.* FROM `products` WHERE `products`.`id` = 18 LIMIT 1
D, [2021-03-10T15:57:33.073897 #36190] DEBUG -- :   Client Load (0.1ms)  SELECT `clients`.* FROM `clients` WHERE `clients`.`firstname` = 'John' LIMIT 1
D, [2021-03-10T15:57:33.076554 #36190] DEBUG -- :   Client Load (0.2ms)  SELECT `clients`.* FROM `clients` WHERE `clients`.`firstname` = 'John' LIMIT 1
D, [2021-03-10T15:57:33.096591 #36190] DEBUG -- :   Product Load (0.2ms)  SELECT `products`.* FROM `products` INNER JOIN `order_items` ON `products`.`id` = `order_items`.`product_id` INNER JOIN `orders` ON `order_items`.`order_id` = `orders`.`id` WHERE `orders`.`client_id` = 8 AND (price < 0.2)
D, [2021-03-10T15:57:33.102148 #36190] DEBUG -- :   Client Load (0.2ms)  SELECT `clients`.* FROM `clients` WHERE `clients`.`firstname` = 'John' LIMIT 1
D, [2021-03-10T15:57:33.106634 #36190] DEBUG -- :   OrderItem Load (0.2ms)  SELECT `order_items`.* FROM `order_items` INNER JOIN `orders` ON `order_items`.`order_id` = `orders`.`id` WHERE `orders`.`client_id` = 8 AND (quantity > 100)
D, [2021-03-10T15:57:33.115724 #36190] DEBUG -- :   Product Load (0.2ms)  SELECT `products`.* FROM `products` WHERE `products`.`id` = 18 LIMIT 1
D, [2021-03-10T15:57:55.452965 #36255] DEBUG -- :   Client Load (0.4ms)  SELECT `clients`.* FROM `clients` WHERE `clients`.`firstname` = 'John' LIMIT 1
D, [2021-03-10T15:57:55.462907 #36255] DEBUG -- :   Client Load (2.5ms)  SELECT `clients`.* FROM `clients` WHERE `clients`.`firstname` = 'John' LIMIT 1
D, [2021-03-10T15:57:55.492175 #36255] DEBUG -- :   Product Load (0.2ms)  SELECT `products`.* FROM `products` INNER JOIN `order_items` ON `products`.`id` = `order_items`.`product_id` INNER JOIN `orders` ON `order_items`.`order_id` = `orders`.`id` WHERE `orders`.`client_id` = 8 AND (price < 0.2)
D, [2021-03-10T15:57:55.499594 #36255] DEBUG -- :   Client Load (0.3ms)  SELECT `clients`.* FROM `clients` WHERE `clients`.`firstname` = 'John' LIMIT 1
D, [2021-03-10T15:57:55.511457 #36255] DEBUG -- :   OrderItem Load (0.2ms)  SELECT `order_items`.* FROM `order_items` INNER JOIN `orders` ON `order_items`.`order_id` = `orders`.`id` WHERE `orders`.`client_id` = 8 AND (quantity > 100)
D, [2021-03-10T15:57:55.531268 #36255] DEBUG -- :   Product Load (0.2ms)  SELECT `products`.* FROM `products` WHERE `products`.`id` = 18 LIMIT 1
D, [2021-03-10T15:58:48.202948 #36369] DEBUG -- :   Client Load (0.2ms)  SELECT `clients`.* FROM `clients` WHERE `clients`.`firstname` = 'John' LIMIT 1
D, [2021-03-10T15:58:48.205695 #36369] DEBUG -- :   Client Load (0.1ms)  SELECT `clients`.* FROM `clients` WHERE `clients`.`firstname` = 'John' LIMIT 1
D, [2021-03-10T15:58:48.223939 #36369] DEBUG -- :   Product Load (0.1ms)  SELECT `products`.* FROM `products` INNER JOIN `order_items` ON `products`.`id` = `order_items`.`product_id` INNER JOIN `orders` ON `order_items`.`order_id` = `orders`.`id` WHERE `orders`.`client_id` = 8 AND (price < 0.2)
D, [2021-03-10T15:58:48.228102 #36369] DEBUG -- :   Client Load (0.1ms)  SELECT `clients`.* FROM `clients` WHERE `clients`.`firstname` = 'John' LIMIT 1
D, [2021-03-10T15:58:48.231130 #36369] DEBUG -- :   OrderItem Load (0.1ms)  SELECT `order_items`.* FROM `order_items` INNER JOIN `orders` ON `order_items`.`order_id` = `orders`.`id` WHERE `orders`.`client_id` = 8 AND (quantity > 100)
D, [2021-03-10T15:58:48.240017 #36369] DEBUG -- :   Product Load (0.2ms)  SELECT `products`.* FROM `products` WHERE `products`.`id` = 18 LIMIT 1
D, [2021-03-24T10:28:17.619543 #71817] DEBUG -- :   TRANSACTION (0.3ms)  BEGIN
D, [2021-03-24T10:28:17.624179 #71817] DEBUG -- :   Individual Create (1.0ms)  INSERT INTO `clients` (`firstname`, `lastname`, `created_at`, `updated_at`, `type`) VALUES ('Gabriel', 'Rossier', '2021-03-24 09:28:17.606491', '2021-03-24 09:28:17.606491', 'Individual')
D, [2021-03-24T10:28:17.633157 #71817] DEBUG -- :   TRANSACTION (3.3ms)  COMMIT
D, [2021-03-24T10:28:32.449694 #71854] DEBUG -- :   TRANSACTION (0.5ms)  BEGIN
D, [2021-03-24T10:28:32.455398 #71854] DEBUG -- :   Individual Create (3.2ms)  INSERT INTO `clients` (`firstname`, `lastname`, `created_at`, `updated_at`, `type`) VALUES ('Gabriel', 'Rossier', '2021-03-24 09:28:32.424771', '2021-03-24 09:28:32.424771', 'Individual')
D, [2021-03-24T10:28:32.469557 #71854] DEBUG -- :   TRANSACTION (2.7ms)  COMMIT
D, [2021-03-24T10:28:32.475034 #71854] DEBUG -- :   TRANSACTION (0.3ms)  BEGIN
D, [2021-03-24T10:28:32.479094 #71854] DEBUG -- :   Company Create (1.2ms)  INSERT INTO `clients` (`created_at`, `updated_at`, `type`, `name`) VALUES ('2021-03-24 09:28:32.473136', '2021-03-24 09:28:32.473136', 'Company', 'CPNV')
D, [2021-03-24T10:28:32.484779 #71854] DEBUG -- :   TRANSACTION (2.4ms)  COMMIT
D, [2021-03-24T10:45:29.951218 #73928] DEBUG -- :   TRANSACTION (0.2ms)  BEGIN
D, [2021-03-24T10:45:29.955073 #73928] DEBUG -- :   Individual Create (1.9ms)  INSERT INTO `clients` (`firstname`, `lastname`, `created_at`, `updated_at`, `type`) VALUES ('Gabriel', 'Rossier', '2021-03-24 09:45:29.944278', '2021-03-24 09:45:29.944278', 'Individual')
D, [2021-03-24T10:45:29.958085 #73928] DEBUG -- :   TRANSACTION (0.5ms)  COMMIT
D, [2021-03-24T10:45:29.960161 #73928] DEBUG -- :   TRANSACTION (0.2ms)  BEGIN
D, [2021-03-24T10:45:29.961827 #73928] DEBUG -- :   Company Create (0.3ms)  INSERT INTO `clients` (`created_at`, `updated_at`, `type`, `name`) VALUES ('2021-03-24 09:45:29.959335', '2021-03-24 09:45:29.959335', 'Company', 'CPNV')
D, [2021-03-24T10:45:29.964011 #73928] DEBUG -- :   TRANSACTION (1.1ms)  COMMIT
D, [2021-03-24T10:46:57.911226 #74127] DEBUG -- :   TRANSACTION (0.1ms)  BEGIN
D, [2021-03-24T10:46:57.914133 #74127] DEBUG -- :   Individual Create (1.0ms)  INSERT INTO `clients` (`firstname`, `lastname`, `created_at`, `updated_at`, `type`) VALUES ('Gabriel', 'Rossier', '2021-03-24 09:46:57.904328', '2021-03-24 09:46:57.904328', 'Individual')
D, [2021-03-24T10:46:57.917125 #74127] DEBUG -- :   TRANSACTION (0.9ms)  COMMIT
D, [2021-03-24T10:46:57.919350 #74127] DEBUG -- :   TRANSACTION (0.1ms)  BEGIN
D, [2021-03-24T10:46:57.920787 #74127] DEBUG -- :   Company Create (0.4ms)  INSERT INTO `clients` (`created_at`, `updated_at`, `type`, `name`) VALUES ('2021-03-24 09:46:57.918689', '2021-03-24 09:46:57.918689', 'Company', 'CPNV')
D, [2021-03-24T10:46:57.922773 #74127] DEBUG -- :   TRANSACTION (0.8ms)  COMMIT
D, [2021-03-24T10:48:54.173790 #74387] DEBUG -- :   TRANSACTION (0.2ms)  BEGIN
D, [2021-03-24T10:48:54.176195 #74387] DEBUG -- :   Individual Create (1.3ms)  INSERT INTO `clients` (`firstname`, `lastname`, `created_at`, `updated_at`, `type`) VALUES ('Gabriel', 'Rossier', '2021-03-24 09:48:54.166605', '2021-03-24 09:48:54.166605', 'Individual')
D, [2021-03-24T10:48:54.179046 #74387] DEBUG -- :   TRANSACTION (0.8ms)  COMMIT
D, [2021-03-24T10:48:54.181330 #74387] DEBUG -- :   TRANSACTION (0.2ms)  BEGIN
D, [2021-03-24T10:48:54.182847 #74387] DEBUG -- :   Company Create (0.5ms)  INSERT INTO `clients` (`created_at`, `updated_at`, `type`, `name`) VALUES ('2021-03-24 09:48:54.180695', '2021-03-24 09:48:54.180695', 'Company', 'CPNV')
D, [2021-03-24T10:48:54.184650 #74387] DEBUG -- :   TRANSACTION (0.6ms)  COMMIT
D, [2021-03-24T10:49:25.021328 #74462] DEBUG -- :   TRANSACTION (0.2ms)  BEGIN
D, [2021-03-24T10:49:25.022798 #74462] DEBUG -- :   Individual Create (0.4ms)  INSERT INTO `clients` (`firstname`, `lastname`, `created_at`, `updated_at`, `type`) VALUES ('Gabriel', 'Rossier', '2021-03-24 09:49:25.014791', '2021-03-24 09:49:25.014791', 'Individual')
D, [2021-03-24T10:49:25.025543 #74462] DEBUG -- :   TRANSACTION (0.7ms)  COMMIT
D, [2021-03-24T10:49:25.027612 #74462] DEBUG -- :   TRANSACTION (0.2ms)  BEGIN
D, [2021-03-24T10:49:25.030252 #74462] DEBUG -- :   Company Create (1.2ms)  INSERT INTO `clients` (`created_at`, `updated_at`, `type`, `name`) VALUES ('2021-03-24 09:49:25.026837', '2021-03-24 09:49:25.026837', 'Company', 'CPNV')
D, [2021-03-24T10:49:25.032013 #74462] DEBUG -- :   TRANSACTION (0.5ms)  COMMIT
D, [2021-03-24T10:49:25.037945 #74462] DEBUG -- :   TRANSACTION (0.2ms)  BEGIN
D, [2021-03-24T10:49:25.039386 #74462] DEBUG -- :   Provider Create (0.4ms)  INSERT INTO `providers` (`name`) VALUES ('STEG')
D, [2021-03-24T10:49:25.041146 #74462] DEBUG -- :   TRANSACTION (0.6ms)  COMMIT
D, [2021-03-24T10:50:10.957703 #74552] DEBUG -- :   TRANSACTION (0.2ms)  BEGIN
D, [2021-03-24T10:50:10.960629 #74552] DEBUG -- :   Individual Create (1.5ms)  INSERT INTO `clients` (`firstname`, `lastname`, `created_at`, `updated_at`, `type`) VALUES ('Gabriel', 'Rossier', '2021-03-24 09:50:10.949879', '2021-03-24 09:50:10.949879', 'Individual')
D, [2021-03-24T10:50:10.963890 #74552] DEBUG -- :   TRANSACTION (1.0ms)  COMMIT
D, [2021-03-24T10:50:10.966057 #74552] DEBUG -- :   TRANSACTION (0.3ms)  BEGIN
D, [2021-03-24T10:50:10.967848 #74552] DEBUG -- :   Company Create (0.5ms)  INSERT INTO `clients` (`created_at`, `updated_at`, `type`, `name`) VALUES ('2021-03-24 09:50:10.965229', '2021-03-24 09:50:10.965229', 'Company', 'CPNV')
D, [2021-03-24T10:50:10.970605 #74552] DEBUG -- :   TRANSACTION (0.7ms)  COMMIT
D, [2021-03-24T10:50:10.976674 #74552] DEBUG -- :   TRANSACTION (0.2ms)  BEGIN
D, [2021-03-24T10:50:10.979628 #74552] DEBUG -- :   Provider Create (1.4ms)  INSERT INTO `providers` (`name`) VALUES ('STEG')
D, [2021-03-24T10:50:10.981520 #74552] DEBUG -- :   TRANSACTION (0.7ms)  COMMIT
D, [2021-03-24T10:52:47.951080 #74840] DEBUG -- :   TRANSACTION (0.3ms)  BEGIN
D, [2021-03-24T10:52:47.954122 #74840] DEBUG -- :   Individual Create (2.0ms)  INSERT INTO `clients` (`firstname`, `lastname`, `created_at`, `updated_at`, `type`) VALUES ('Gabriel', 'Rossier', '2021-03-24 09:52:47.944007', '2021-03-24 09:52:47.944007', 'Individual')
D, [2021-03-24T10:52:47.956822 #74840] DEBUG -- :   TRANSACTION (0.7ms)  COMMIT
D, [2021-03-24T10:52:47.958894 #74840] DEBUG -- :   TRANSACTION (0.2ms)  BEGIN
D, [2021-03-24T10:52:47.960178 #74840] DEBUG -- :   Company Create (0.4ms)  INSERT INTO `clients` (`created_at`, `updated_at`, `type`, `name`) VALUES ('2021-03-24 09:52:47.958159', '2021-03-24 09:52:47.958159', 'Company', 'CPNV')
D, [2021-03-24T10:52:47.961986 #74840] DEBUG -- :   TRANSACTION (0.8ms)  COMMIT
D, [2021-03-24T10:52:47.968511 #74840] DEBUG -- :   TRANSACTION (0.3ms)  BEGIN
D, [2021-03-24T10:52:47.970291 #74840] DEBUG -- :   Provider Create (0.4ms)  INSERT INTO `providers` (`name`) VALUES ('STEG')
D, [2021-03-24T10:52:47.972415 #74840] DEBUG -- :   TRANSACTION (0.9ms)  COMMIT
D, [2021-03-24T10:53:38.643455 #74960] DEBUG -- :   TRANSACTION (0.2ms)  BEGIN
D, [2021-03-24T10:53:38.644996 #74960] DEBUG -- :   Individual Create (0.4ms)  INSERT INTO `clients` (`firstname`, `lastname`, `created_at`, `updated_at`, `type`) VALUES ('Gabriel', 'Rossier', '2021-03-24 09:53:38.631318', '2021-03-24 09:53:38.631318', 'Individual')
D, [2021-03-24T10:53:38.648811 #74960] DEBUG -- :   TRANSACTION (1.3ms)  COMMIT
D, [2021-03-24T10:53:38.651282 #74960] DEBUG -- :   TRANSACTION (0.2ms)  BEGIN
D, [2021-03-24T10:53:38.653974 #74960] DEBUG -- :   Company Create (1.7ms)  INSERT INTO `clients` (`created_at`, `updated_at`, `type`, `name`) VALUES ('2021-03-24 09:53:38.650555', '2021-03-24 09:53:38.650555', 'Company', 'CPNV')
D, [2021-03-24T10:53:38.655905 #74960] DEBUG -- :   TRANSACTION (0.7ms)  COMMIT
D, [2021-03-24T10:55:11.279268 #75160] DEBUG -- :   TRANSACTION (0.2ms)  BEGIN
D, [2021-03-24T10:55:11.280853 #75160] DEBUG -- :   Individual Create (0.3ms)  INSERT INTO `clients` (`firstname`, `lastname`, `created_at`, `updated_at`, `type`) VALUES ('Gabriel', 'Rossier', '2021-03-24 09:55:11.271289', '2021-03-24 09:55:11.271289', 'Individual')
D, [2021-03-24T10:55:11.284546 #75160] DEBUG -- :   TRANSACTION (0.7ms)  COMMIT
D, [2021-03-24T10:55:11.286576 #75160] DEBUG -- :   TRANSACTION (0.2ms)  BEGIN
D, [2021-03-24T10:55:11.287799 #75160] DEBUG -- :   Company Create (0.4ms)  INSERT INTO `clients` (`created_at`, `updated_at`, `type`, `name`) VALUES ('2021-03-24 09:55:11.285892', '2021-03-24 09:55:11.285892', 'Company', 'CPNV')
D, [2021-03-24T10:55:11.289797 #75160] DEBUG -- :   TRANSACTION (0.8ms)  COMMIT
D, [2021-03-24T10:57:10.492536 #75420] DEBUG -- :   TRANSACTION (0.2ms)  BEGIN
D, [2021-03-24T10:57:10.494059 #75420] DEBUG -- :   Individual Create (0.4ms)  INSERT INTO `clients` (`firstname`, `lastname`, `created_at`, `updated_at`, `type`) VALUES ('Gabriel', 'Rossier', '2021-03-24 09:57:10.485977', '2021-03-24 09:57:10.485977', 'Individual')
D, [2021-03-24T10:57:10.496539 #75420] DEBUG -- :   TRANSACTION (0.6ms)  COMMIT
D, [2021-03-24T10:57:10.499265 #75420] DEBUG -- :   TRANSACTION (0.2ms)  BEGIN
D, [2021-03-24T10:57:10.512381 #75420] DEBUG -- :   Company Create (2.0ms)  INSERT INTO `clients` (`created_at`, `updated_at`, `type`, `name`) VALUES ('2021-03-24 09:57:10.498275', '2021-03-24 09:57:10.498275', 'Company', 'CPNV')
D, [2021-03-24T10:57:10.513524 #75420] DEBUG -- :   TRANSACTION (0.8ms)  COMMIT
D, [2021-03-24T10:57:10.553413 #75420] DEBUG -- :   TRANSACTION (1.0ms)  BEGIN
D, [2021-03-24T10:57:10.554660 #75420] DEBUG -- :   Provider Create (0.3ms)  INSERT INTO `providers` (`name`) VALUES ('STEG')
D, [2021-03-24T10:57:10.556491 #75420] DEBUG -- :   Product Create (0.3ms)  INSERT INTO `products` (`name`, `price`, `description`, `created_at`, `updated_at`, `provider_id`) VALUES ('TV', 56, 'coucou', '2021-03-24 09:57:10.555576', '2021-03-24 09:57:10.555576', 1)
D, [2021-03-24T10:57:10.558363 #75420] DEBUG -- :   TRANSACTION (0.7ms)  COMMIT
D, [2021-03-24T11:01:03.806680 #75880] DEBUG -- :   Provider Load (0.5ms)  SELECT `providers`.* FROM `providers` WHERE `providers`.`id` = NULL LIMIT 1
D, [2021-03-24T11:02:36.955683 #76053] DEBUG -- :   TRANSACTION (0.2ms)  BEGIN
D, [2021-03-24T11:02:36.957361 #76053] DEBUG -- :   Individual Create (0.4ms)  INSERT INTO `clients` (`firstname`, `lastname`, `created_at`, `updated_at`, `type`) VALUES ('Gabriel', 'Rossier', '2021-03-24 10:02:36.948640', '2021-03-24 10:02:36.948640', 'Individual')
D, [2021-03-24T11:02:36.960320 #76053] DEBUG -- :   TRANSACTION (0.9ms)  COMMIT
D, [2021-03-24T11:02:36.962455 #76053] DEBUG -- :   TRANSACTION (0.2ms)  BEGIN
D, [2021-03-24T11:02:36.965320 #76053] DEBUG -- :   Company Create (1.8ms)  INSERT INTO `clients` (`created_at`, `updated_at`, `type`, `name`) VALUES ('2021-03-24 10:02:36.961583', '2021-03-24 10:02:36.961583', 'Company', 'CPNV')
D, [2021-03-24T11:02:36.967693 #76053] DEBUG -- :   TRANSACTION (0.8ms)  COMMIT
D, [2021-03-24T11:02:36.988713 #76053] DEBUG -- :   TRANSACTION (0.2ms)  BEGIN
D, [2021-03-24T11:02:36.990141 #76053] DEBUG -- :   Category Create (0.3ms)  INSERT INTO `categories` (`name`, `description`, `created_at`, `updated_at`) VALUES ('télé', 'écran', '2021-03-24 10:02:36.987929', '2021-03-24 10:02:36.987929')
D, [2021-03-24T11:02:36.993622 #76053] DEBUG -- :   Provider Create (1.8ms)  INSERT INTO `providers` (`name`) VALUES ('STEG')
D, [2021-03-24T11:02:36.998155 #76053] DEBUG -- :   Product Create (2.7ms)  INSERT INTO `products` (`name`, `price`, `description`, `category_id`, `created_at`, `updated_at`, `provider_id`) VALUES ('TV', 56, 'coucou', 1, '2021-03-24 10:02:36.994701', '2021-03-24 10:02:36.994701', 2)
D, [2021-03-24T11:02:37.000493 #76053] DEBUG -- :   TRANSACTION (0.9ms)  COMMIT
D, [2021-03-24T11:02:54.544920 #76091] DEBUG -- :   Provider Load (0.3ms)  SELECT `providers`.* FROM `providers` WHERE `providers`.`id` = NULL LIMIT 1
D, [2021-03-24T11:04:07.648456 #76239] DEBUG -- :   TRANSACTION (0.2ms)  BEGIN
D, [2021-03-24T11:04:07.649857 #76239] DEBUG -- :   Individual Create (0.3ms)  INSERT INTO `clients` (`firstname`, `lastname`, `created_at`, `updated_at`, `type`) VALUES ('Gabriel', 'Rossier', '2021-03-24 10:04:07.639990', '2021-03-24 10:04:07.639990', 'Individual')
D, [2021-03-24T11:04:07.653316 #76239] DEBUG -- :   TRANSACTION (0.9ms)  COMMIT
D, [2021-03-24T11:04:07.655306 #76239] DEBUG -- :   TRANSACTION (0.1ms)  BEGIN
D, [2021-03-24T11:04:07.656730 #76239] DEBUG -- :   Company Create (0.3ms)  INSERT INTO `clients` (`created_at`, `updated_at`, `type`, `name`) VALUES ('2021-03-24 10:04:07.654673', '2021-03-24 10:04:07.654673', 'Company', 'CPNV')
D, [2021-03-24T11:04:07.658632 #76239] DEBUG -- :   TRANSACTION (0.8ms)  COMMIT
D, [2021-03-24T11:04:07.679970 #76239] DEBUG -- :   TRANSACTION (0.2ms)  BEGIN
D, [2021-03-24T11:04:07.681236 #76239] DEBUG -- :   Category Create (0.3ms)  INSERT INTO `categories` (`name`, `description`, `created_at`, `updated_at`) VALUES ('télé', 'écran', '2021-03-24 10:04:07.679173', '2021-03-24 10:04:07.679173')
D, [2021-03-24T11:04:07.683130 #76239] DEBUG -- :   Provider Create (0.4ms)  INSERT INTO `providers` (`name`) VALUES ('STEG')
D, [2021-03-24T11:04:07.685185 #76239] DEBUG -- :   Product Create (0.3ms)  INSERT INTO `products` (`name`, `price`, `description`, `category_id`, `created_at`, `updated_at`, `provider_id`) VALUES ('TV', 56, 'coucou', 1, '2021-03-24 10:04:07.684210', '2021-03-24 10:04:07.684210', 1)
D, [2021-03-24T11:04:07.694515 #76239] DEBUG -- :   TRANSACTION (3.2ms)  COMMIT
D, [2021-03-24T11:04:07.696735 #76239] DEBUG -- :   TRANSACTION (0.3ms)  BEGIN
D, [2021-03-24T11:04:07.700784 #76239] DEBUG -- :   Product Create (3.0ms)  INSERT INTO `products` (`name`, `price`, `description`, `category_id`, `created_at`, `updated_at`, `provider_id`) VALUES ('TV', 56, 'coucou', 1, '2021-03-24 10:04:07.695949', '2021-03-24 10:04:07.695949', 1)
D, [2021-03-24T11:04:07.707020 #76239] DEBUG -- :   TRANSACTION (1.1ms)  COMMIT
D, [2021-03-24T11:04:07.710199 #76239] DEBUG -- :   TRANSACTION (2.0ms)  BEGIN
D, [2021-03-24T11:04:07.711208 #76239] DEBUG -- :   Product Create (0.9ms)  INSERT INTO `products` (`name`, `price`, `description`, `category_id`, `created_at`, `updated_at`, `provider_id`) VALUES ('TV', 56, 'coucou', 1, '2021-03-24 10:04:07.707642', '2021-03-24 10:04:07.707642', 1)
D, [2021-03-24T11:04:07.713703 #76239] DEBUG -- :   TRANSACTION (2.1ms)  COMMIT
D, [2021-03-24T11:04:07.715593 #76239] DEBUG -- :   TRANSACTION (0.2ms)  BEGIN
D, [2021-03-24T11:04:07.716861 #76239] DEBUG -- :   Product Create (1.1ms)  INSERT INTO `products` (`name`, `price`, `description`, `category_id`, `created_at`, `updated_at`, `provider_id`) VALUES ('TV', 56, 'coucou', 1, '2021-03-24 10:04:07.714170', '2021-03-24 10:04:07.714170', 1)
D, [2021-03-24T11:04:07.718737 #76239] DEBUG -- :   TRANSACTION (1.5ms)  COMMIT
D, [2021-03-24T11:04:07.720848 #76239] DEBUG -- :   TRANSACTION (1.1ms)  BEGIN
D, [2021-03-24T11:04:07.722087 #76239] DEBUG -- :   Product Create (1.1ms)  INSERT INTO `products` (`name`, `price`, `description`, `category_id`, `created_at`, `updated_at`, `provider_id`) VALUES ('TV', 56, 'coucou', 1, '2021-03-24 10:04:07.719204', '2021-03-24 10:04:07.719204', 1)
D, [2021-03-24T11:04:07.723975 #76239] DEBUG -- :   TRANSACTION (0.8ms)  COMMIT
D, [2021-03-24T11:04:07.726116 #76239] DEBUG -- :   TRANSACTION (1.1ms)  BEGIN
D, [2021-03-24T11:04:07.727936 #76239] DEBUG -- :   Product Create (1.7ms)  INSERT INTO `products` (`name`, `price`, `description`, `category_id`, `created_at`, `updated_at`, `provider_id`) VALUES ('TV', 56, 'coucou', 1, '2021-03-24 10:04:07.724513', '2021-03-24 10:04:07.724513', 1)
D, [2021-03-24T11:04:07.729799 #76239] DEBUG -- :   TRANSACTION (1.5ms)  COMMIT
D, [2021-03-24T11:04:24.134239 #76282] DEBUG -- :   Provider Load (0.4ms)  SELECT `providers`.* FROM `providers` ORDER BY `providers`.`id` ASC LIMIT 1
D, [2021-03-24T11:04:56.489376 #76365] DEBUG -- :   Provider Load (0.1ms)  SELECT `providers`.* FROM `providers` ORDER BY `providers`.`id` ASC LIMIT 1
D, [2021-03-24T11:04:56.521297 #76365] DEBUG -- :   Category Load (0.5ms)  SELECT `categories`.* FROM `categories` INNER JOIN `products` ON `categories`.`id` = `products`.`category_id` WHERE `products`.`provider_id` = 1
D, [2021-03-24T11:20:23.195343 #78154] DEBUG -- :   Client Load (0.9ms)  SELECT `clients`.* FROM `clients` ORDER BY `clients`.`id` ASC LIMIT 1
D, [2021-03-24T11:20:43.752613 #78206] DEBUG -- :   Client Load (0.1ms)  SELECT `clients`.* FROM `clients` ORDER BY `clients`.`id` ASC LIMIT 1
D, [2021-03-24T11:21:20.767598 #78289] DEBUG -- :   Client Load (0.2ms)  SELECT `clients`.* FROM `clients` ORDER BY `clients`.`id` ASC LIMIT 1
D, [2021-03-24T11:21:20.792524 #78289] DEBUG -- :   TRANSACTION (0.2ms)  BEGIN
D, [2021-03-24T11:21:20.793953 #78289] DEBUG -- :   Comment Create (0.4ms)  INSERT INTO `comments` (`content`, `client_id`) VALUES ('Bebou', 1)
D, [2021-03-24T11:21:20.795727 #78289] DEBUG -- :   TRANSACTION (0.8ms)  COMMIT
D, [2021-03-24T11:21:32.536098 #78324] DEBUG -- :   Client Load (0.1ms)  SELECT `clients`.* FROM `clients` ORDER BY `clients`.`id` ASC LIMIT 1
D, [2021-03-24T11:21:32.558152 #78324] DEBUG -- :   TRANSACTION (0.2ms)  BEGIN
D, [2021-03-24T11:21:32.560475 #78324] DEBUG -- :   Comment Create (0.9ms)  INSERT INTO `comments` (`content`, `client_id`) VALUES ('Bebou', 1)
D, [2021-03-24T11:21:32.561940 #78324] DEBUG -- :   TRANSACTION (0.5ms)  COMMIT
D, [2021-03-24T11:21:32.564554 #78324] DEBUG -- :   Product Load (0.2ms)  SELECT `products`.* FROM `products` ORDER BY `products`.`id` ASC LIMIT 1
D, [2021-03-24T11:21:46.173485 #78360] DEBUG -- :   Client Load (0.1ms)  SELECT `clients`.* FROM `clients` ORDER BY `clients`.`id` ASC LIMIT 1
D, [2021-03-24T11:21:46.194110 #78360] DEBUG -- :   TRANSACTION (0.3ms)  BEGIN
D, [2021-03-24T11:21:46.196370 #78360] DEBUG -- :   Comment Create (0.5ms)  INSERT INTO `comments` (`content`, `client_id`) VALUES ('Bebou', 1)
D, [2021-03-24T11:21:46.200714 #78360] DEBUG -- :   TRANSACTION (1.7ms)  COMMIT
D, [2021-03-24T11:21:46.204346 #78360] DEBUG -- :   Product Load (0.1ms)  SELECT `products`.* FROM `products` ORDER BY `products`.`id` ASC LIMIT 1
D, [2021-03-24T11:24:56.427468 #78697] DEBUG -- :   Client Load (0.1ms)  SELECT `clients`.* FROM `clients` ORDER BY `clients`.`id` ASC LIMIT 1
D, [2021-03-24T11:24:56.455559 #78697] DEBUG -- :   TRANSACTION (0.2ms)  BEGIN
D, [2021-03-24T11:24:56.458425 #78697] DEBUG -- :   Comment Create (1.8ms)  INSERT INTO `comments` (`content`, `client_id`) VALUES ('Bebou', 1)
D, [2021-03-24T11:24:56.460197 #78697] DEBUG -- :   TRANSACTION (0.6ms)  COMMIT
D, [2021-03-24T11:24:56.462588 #78697] DEBUG -- :   Product Load (0.2ms)  SELECT `products`.* FROM `products` ORDER BY `products`.`id` ASC LIMIT 1
D, [2021-03-24T11:25:23.183479 #78759] DEBUG -- :   Client Load (0.1ms)  SELECT `clients`.* FROM `clients` ORDER BY `clients`.`id` ASC LIMIT 1
D, [2021-03-24T11:25:23.207865 #78759] DEBUG -- :   TRANSACTION (0.2ms)  BEGIN
D, [2021-03-24T11:25:23.209050 #78759] DEBUG -- :   Comment Create (0.3ms)  INSERT INTO `comments` (`content`, `client_id`) VALUES ('Bebou', 1)
D, [2021-03-24T11:25:23.210822 #78759] DEBUG -- :   TRANSACTION (0.7ms)  COMMIT
D, [2021-03-24T11:25:23.213780 #78759] DEBUG -- :   Product Load (0.1ms)  SELECT `products`.* FROM `products` ORDER BY `products`.`id` ASC LIMIT 1
D, [2021-03-24T11:25:39.075458 #78798] DEBUG -- :   Client Load (0.2ms)  SELECT `clients`.* FROM `clients` ORDER BY `clients`.`id` ASC LIMIT 1
D, [2021-03-24T11:25:39.092250 #78798] DEBUG -- :   TRANSACTION (0.2ms)  BEGIN
D, [2021-03-24T11:25:39.094401 #78798] DEBUG -- :   Comment Create (1.4ms)  INSERT INTO `comments` (`content`, `client_id`) VALUES ('Bebou', 1)
D, [2021-03-24T11:25:39.096154 #78798] DEBUG -- :   TRANSACTION (0.7ms)  COMMIT
D, [2021-03-24T11:25:39.098523 #78798] DEBUG -- :   Product Load (0.2ms)  SELECT `products`.* FROM `products` ORDER BY `products`.`id` ASC LIMIT 1
D, [2021-03-24T11:26:59.398401 #78963] DEBUG -- :   Client Load (0.1ms)  SELECT `clients`.* FROM `clients` ORDER BY `clients`.`id` ASC LIMIT 1
D, [2021-03-24T11:26:59.421293 #78963] DEBUG -- :   TRANSACTION (0.2ms)  BEGIN
D, [2021-03-24T11:26:59.422569 #78963] DEBUG -- :   Comment Create (0.3ms)  INSERT INTO `comments` (`content`, `client_id`) VALUES ('Bebou', 1)
D, [2021-03-24T11:26:59.424468 #78963] DEBUG -- :   TRANSACTION (0.8ms)  COMMIT
D, [2021-03-24T11:26:59.426846 #78963] DEBUG -- :   Product Load (0.1ms)  SELECT `products`.* FROM `products` ORDER BY `products`.`id` ASC LIMIT 1
D, [2021-03-24T11:27:11.383800 #78996] DEBUG -- :   Client Load (0.1ms)  SELECT `clients`.* FROM `clients` ORDER BY `clients`.`id` ASC LIMIT 1
D, [2021-03-24T11:27:11.410656 #78996] DEBUG -- :   TRANSACTION (0.2ms)  BEGIN
D, [2021-03-24T11:27:11.413696 #78996] DEBUG -- :   Comment Create (0.8ms)  INSERT INTO `comments` (`content`, `client_id`) VALUES ('Bebou', 1)
D, [2021-03-24T11:27:11.415836 #78996] DEBUG -- :   TRANSACTION (0.5ms)  COMMIT
D, [2021-03-24T11:27:11.418582 #78996] DEBUG -- :   Product Load (0.1ms)  SELECT `products`.* FROM `products` ORDER BY `products`.`id` ASC LIMIT 1
D, [2021-03-24T11:31:26.082328 #79418] DEBUG -- :   Client Load (0.5ms)  SELECT `clients`.* FROM `clients` ORDER BY `clients`.`id` ASC LIMIT 1
D, [2021-03-24T11:31:35.968135 #79445] DEBUG -- :   Client Load (0.2ms)  SELECT `clients`.* FROM `clients` ORDER BY `clients`.`id` ASC LIMIT 1
D, [2021-03-24T11:31:55.980680 #79502] DEBUG -- :   Client Load (0.2ms)  SELECT `clients`.* FROM `clients` ORDER BY `clients`.`id` ASC LIMIT 1
D, [2021-03-24T11:31:55.992205 #79502] DEBUG -- :   TRANSACTION (0.2ms)  BEGIN
D, [2021-03-24T11:31:55.993326 #79502] DEBUG -- :   Comment Create (0.3ms)  INSERT INTO `comments` (`content`) VALUES ('Bebou')
D, [2021-03-24T11:31:55.995134 #79502] DEBUG -- :   TRANSACTION (0.9ms)  COMMIT
D, [2021-03-24T11:31:55.997660 #79502] DEBUG -- :   Product Load (0.2ms)  SELECT `products`.* FROM `products` ORDER BY `products`.`id` ASC LIMIT 1
D, [2021-03-24T11:33:27.860010 #79672] DEBUG -- :   TRANSACTION (0.2ms)  BEGIN
D, [2021-03-24T11:33:27.861568 #79672] DEBUG -- :   Client Create (0.4ms)  INSERT INTO `clients` (`firstname`, `lastname`, `created_at`, `updated_at`) VALUES ('Gabriel', 'Rossier', '2021-03-24 10:33:27.856019', '2021-03-24 10:33:27.856019')
D, [2021-03-24T11:33:27.864205 #79672] DEBUG -- :   TRANSACTION (0.9ms)  COMMIT
D, [2021-03-24T11:33:27.876116 #79672] DEBUG -- :   TRANSACTION (0.1ms)  BEGIN
D, [2021-03-24T11:33:27.879295 #79672] DEBUG -- :   Comment Create (0.9ms)  INSERT INTO `comments` (`content`, `client_id`) VALUES ('Bebou', 1)
D, [2021-03-24T11:33:27.880974 #79672] DEBUG -- :   TRANSACTION (0.7ms)  COMMIT
D, [2021-03-24T11:33:27.883623 #79672] DEBUG -- :   Product Load (0.1ms)  SELECT `products`.* FROM `products` ORDER BY `products`.`id` ASC LIMIT 1
D, [2021-03-24T11:35:21.196492 #79892] DEBUG -- :   TRANSACTION (0.2ms)  BEGIN
D, [2021-03-24T11:35:21.199332 #79892] DEBUG -- :   Client Create (1.9ms)  INSERT INTO `clients` (`firstname`, `lastname`, `created_at`, `updated_at`) VALUES ('Gabriel', 'Rossier', '2021-03-24 10:35:21.191731', '2021-03-24 10:35:21.191731')
D, [2021-03-24T11:35:21.201653 #79892] DEBUG -- :   TRANSACTION (0.5ms)  COMMIT
D, [2021-03-24T11:35:21.213927 #79892] DEBUG -- :   TRANSACTION (0.2ms)  BEGIN
D, [2021-03-24T11:35:21.215312 #79892] DEBUG -- :   Comment Create (0.3ms)  INSERT INTO `comments` (`content`, `client_id`) VALUES ('Bebou', 2)
D, [2021-03-24T11:35:21.217058 #79892] DEBUG -- :   TRANSACTION (0.7ms)  COMMIT
D, [2021-03-24T11:35:31.501748 #79922] DEBUG -- :   TRANSACTION (0.2ms)  BEGIN
D, [2021-03-24T11:35:31.503164 #79922] DEBUG -- :   Client Create (0.3ms)  INSERT INTO `clients` (`firstname`, `lastname`, `created_at`, `updated_at`) VALUES ('Gabriel', 'Rossier', '2021-03-24 10:35:31.497574', '2021-03-24 10:35:31.497574')
D, [2021-03-24T11:35:31.505996 #79922] DEBUG -- :   TRANSACTION (0.7ms)  COMMIT
D, [2021-03-24T11:35:31.518009 #79922] DEBUG -- :   TRANSACTION (0.2ms)  BEGIN
D, [2021-03-24T11:35:31.521261 #79922] DEBUG -- :   Comment Create (2.3ms)  INSERT INTO `comments` (`content`, `client_id`) VALUES ('Bebou', 3)
D, [2021-03-24T11:35:31.522688 #79922] DEBUG -- :   TRANSACTION (0.4ms)  COMMIT
D, [2021-03-24T11:35:31.529340 #79922] DEBUG -- :   TRANSACTION (0.2ms)  BEGIN
D, [2021-03-24T11:35:31.534994 #79922] DEBUG -- :   Category Create (0.3ms)  INSERT INTO `categories` (`name`, `description`, `created_at`, `updated_at`) VALUES ('tv', 'ok', '2021-03-24 10:35:31.528673', '2021-03-24 10:35:31.528673')
D, [2021-03-24T11:35:31.536784 #79922] DEBUG -- :   TRANSACTION (0.8ms)  COMMIT
D, [2021-03-24T11:35:31.545777 #79922] DEBUG -- :   TRANSACTION (0.2ms)  BEGIN
D, [2021-03-24T11:35:31.546994 #79922] DEBUG -- :   Product Create (0.3ms)  INSERT INTO `products` (`name`, `price`, `category_id`, `created_at`, `updated_at`) VALUES ('blabla', 10, 1, '2021-03-24 10:35:31.545073', '2021-03-24 10:35:31.545073')
D, [2021-03-24T11:35:31.548635 #79922] DEBUG -- :   TRANSACTION (0.8ms)  COMMIT
D, [2021-03-24T11:35:31.558950 #79922] DEBUG -- :   TRANSACTION (0.2ms)  BEGIN
D, [2021-03-24T11:35:31.560270 #79922] DEBUG -- :   Comment Update (0.5ms)  UPDATE `comments` SET `comments`.`target_type` = 'Product', `comments`.`target_id` = 1 WHERE `comments`.`id` = 4
D, [2021-03-24T11:35:31.562218 #79922] DEBUG -- :   TRANSACTION (0.9ms)  COMMIT
D, [2021-03-24T11:37:24.094297 #80120] DEBUG -- :   TRANSACTION (0.2ms)  BEGIN
D, [2021-03-24T11:37:24.099795 #80120] DEBUG -- :   Client Create (0.9ms)  INSERT INTO `clients` (`firstname`, `lastname`, `created_at`, `updated_at`) VALUES ('Gabriel', 'Rossier', '2021-03-24 10:37:24.090173', '2021-03-24 10:37:24.090173')
D, [2021-03-24T11:37:24.102245 #80120] DEBUG -- :   TRANSACTION (0.6ms)  COMMIT
D, [2021-03-24T11:37:24.121118 #80120] DEBUG -- :   TRANSACTION (0.3ms)  BEGIN
D, [2021-03-24T11:37:24.125083 #80120] DEBUG -- :   Comment Create (2.0ms)  INSERT INTO `comments` (`content`, `client_id`) VALUES ('Bebou', 4)
D, [2021-03-24T11:37:24.126585 #80120] DEBUG -- :   TRANSACTION (0.5ms)  COMMIT
D, [2021-03-24T11:37:24.133587 #80120] DEBUG -- :   TRANSACTION (0.1ms)  BEGIN
D, [2021-03-24T11:37:24.135810 #80120] DEBUG -- :   Category Create (1.4ms)  INSERT INTO `categories` (`name`, `description`, `created_at`, `updated_at`) VALUES ('tv', 'ok', '2021-03-24 10:37:24.132964', '2021-03-24 10:37:24.132964')
D, [2021-03-24T11:37:24.137245 #80120] DEBUG -- :   TRANSACTION (0.4ms)  COMMIT
D, [2021-03-24T11:37:24.147064 #80120] DEBUG -- :   TRANSACTION (0.1ms)  BEGIN
D, [2021-03-24T11:37:24.150176 #80120] DEBUG -- :   Product Create (2.0ms)  INSERT INTO `products` (`name`, `price`, `category_id`, `created_at`, `updated_at`) VALUES ('blabla', 10, 2, '2021-03-24 10:37:24.145553', '2021-03-24 10:37:24.145553')
D, [2021-03-24T11:37:24.153160 #80120] DEBUG -- :   TRANSACTION (0.8ms)  COMMIT
D, [2021-03-24T11:37:24.158558 #80120] DEBUG -- :   TRANSACTION (0.2ms)  BEGIN
D, [2021-03-24T11:37:24.160076 #80120] DEBUG -- :   Provider Create (0.3ms)  INSERT INTO `providers` (`name`) VALUES ('coucou')
D, [2021-03-24T11:37:24.162077 #80120] DEBUG -- :   TRANSACTION (0.8ms)  COMMIT
D, [2021-03-24T11:37:24.171089 #80120] DEBUG -- :   TRANSACTION (0.1ms)  BEGIN
D, [2021-03-24T11:37:24.172299 #80120] DEBUG -- :   Comment Update (0.3ms)  UPDATE `comments` SET `comments`.`target_type` = 'Product', `comments`.`target_id` = 2 WHERE `comments`.`id` = 5
D, [2021-03-24T11:37:24.174136 #80120] DEBUG -- :   TRANSACTION (0.8ms)  COMMIT
D, [2021-03-24T11:37:24.176058 #80120] DEBUG -- :   Provider Load (0.3ms)  SELECT `providers`.* FROM `providers` ORDER BY `providers`.`id` ASC LIMIT 1
D, [2021-03-24T11:37:24.178343 #80120] DEBUG -- :   TRANSACTION (0.2ms)  BEGIN
D, [2021-03-24T11:37:24.179440 #80120] DEBUG -- :   Comment Create (0.3ms)  INSERT INTO `comments` (`content`, `client_id`) VALUES ('GOOD', 4)
D, [2021-03-24T11:37:24.180948 #80120] DEBUG -- :   TRANSACTION (0.7ms)  COMMIT
D, [2021-03-24T11:37:24.183148 #80120] DEBUG -- :   TRANSACTION (0.1ms)  BEGIN
D, [2021-03-24T11:37:24.184356 #80120] DEBUG -- :   Comment Update (0.3ms)  UPDATE `comments` SET `comments`.`target_type` = 'Provider', `comments`.`target_id` = 1 WHERE `comments`.`id` = 6
D, [2021-03-24T11:37:24.185993 #80120] DEBUG -- :   TRANSACTION (0.8ms)  COMMIT
D, [2021-03-24T11:37:24.187878 #80120] DEBUG -- :   TRANSACTION (0.1ms)  BEGIN
D, [2021-03-24T11:37:24.188925 #80120] DEBUG -- :   Product Update (0.4ms)  UPDATE `products` SET `products`.`updated_at` = '2021-03-24 10:37:24.187251', `products`.`provider_id` = 1 WHERE `products`.`id` = 2
D, [2021-03-24T11:37:24.190916 #80120] DEBUG -- :   TRANSACTION (0.8ms)  COMMIT
